com.amazon.mShop.android.shopping/com.amazon.vsearch.GalleryShareActivity
com.amazon.mShop.android.shopping/com.amazon.mShop.details.ProductDetailsActivity
com.amazon.mShop.android.shopping/com.amazon.mShop.details.ProductDetailsActivity
com.amazon.mShop.android.shopping/com.amazon.vsearch.GalleryShareActivity
com.amazon.mShop.android.shopping/com.amazon.mShop.android.home.PublicUrlActivity
com.amazon.mShop.android.shopping/com.amazon.mShop.android.home.PublicUrlActivity
com.amazon.mShop.android.shopping/com.amazon.mShop.details.ProductDetailsActivity
com.amazon.mShop.android.shopping/com.amazon.mShop.android.home.PublicUrlActivity
com.amazon.mShop.android.shopping/com.amazon.mShop.httpUrlDeepLink.HttpUrlDeepLinkingActivity
com.amazon.mShop.android.shopping/com.amazon.mShop.aiv.AivHttpIntentActivity
com.amazon.mShop.android.shopping/com.amazon.mShop.details.ProductDetailsActivity
com.amazon.mShop.android.shopping/com.amazon.mShop.httpUrlDeepLink.HttpUrlDeepLinkingActivity
com.amazon.mShop.android.shopping/com.amazon.mShop.aiv.AivHttpIntentActivity
com.amazon.mShop.android.shopping/com.amazon.mShop.clouddrive.CloudDriveUploadActivity
com.amazon.mShop.android.shopping/com.amazon.mShop.details.ProductDetailsActivity
com.amazon.mShop.android.shopping/com.amazon.mShop.alexa.settings.AlexaSettingsActivity
com.amazon.mShop.android.shopping/com.amazon.mShop.pushnotification.WebNotificationsSettingsActivity
com.amazon.mShop.android.shopping/com.amazon.mShop.aiv.AivHttpIntentActivity
com.amazon.mShop.android.shopping/com.amazon.mShop.appgrade.ui.AppgradeKillSwitchActivity
com.amazon.mShop.android.shopping/com.amazon.mShop.android.home.HomeActivity
com.amazon.mShop.android.shopping/com.amazon.mShop.home.HomeActivity
com.amazon.mShop.android.shopping/com.amazon.mShop.aiv.AIVGatewayStartupActivity
com.amazon.mShop.android.shopping/com.amazon.mShop.details.ProductDetailsActivity
com.amazon.mShop.android.shopping/com.amazon.mShop.details.ProductDetailsActivity
com.amazon.mShop.android.shopping/com.amazon.mShop.search.MShopWebSearchActivity
com.amazon.mShop.android.shopping/com.amazon.mShop.search.RetailSearchActivity
com.amazon.mShop.android.shopping/com.amazon.mShop.search.SearchActivity
com.amazon.mShop.android.shopping/com.amazon.mShop.search.SearchSsnapActivity
com.amazon.mShop.android.shopping/com.amazon.windowshop.wishlist.WSWishListActivity
com.amazon.mShop.android.shopping/com.amazon.vsearch.GalleryShareActivity
com.amazon.mShop.android.shopping/com.amazon.mShop.details.ProductDetailsActivity
com.amazon.mShop.android.shopping/com.amazon.clouddrive.library.device.receivers.CameraActionReceiverProxy
com.amazon.mShop.android.shopping/com.amazon.clouddrive.library.device.receivers.CameraActionReceiverProxy
com.amazon.mShop.android.shopping/com.amazon.clouddrive.library.device.receivers.CameraActionReceiverProxy
com.amazon.mShop.android.shopping/com.amazon.clouddrive.library.device.receivers.CameraActionReceiverProxy
com.amazon.mShop.android.shopping/com.amazon.clouddrive.library.device.receivers.ExternalMediaChangeReceiverProxy
com.amazon.mShop.android.shopping/com.amazon.mShop.goals.orchestrator.GoalsGeofenceBroadcastReceiver
com.amazon.mShop.android.shopping/com.amazon.clouddrive.library.device.receivers.ConnectivityReceiverProxy
com.amazon.mShop.android.shopping/com.amazon.mShop.kiang.DeviceRegistrationReceiver
com.amazon.mShop.android.shopping/com.amazon.mShop.MShopReferralInstallationReceiver
com.amazon.mShop.android.shopping/com.amazon.identity.auth.accounts.SessionUserChangedToAccountForPackageChangedAdpater
com.amazon.mShop.android.shopping/com.amazon.mShop.pushnotification.gcm.MShopGCMBroadcastReceiver
com.amazon.mShop.android.shopping/com.amazon.mShop.pushnotification.tracking.SystemSettingsNotificationChangeReceiver
com.amazon.mShop.android.shopping/com.amazon.identity.auth.device.storage.LambortishClock$ChangeTimestampsBroadcastReceiver
com.amazon.mShop.android.shopping/com.amazon.mShop.deferredDeeplink.InstallReferrerReceiver
com.amazon.mShop.android.shopping/com.amazon.clouddrive.library.device.receivers.AutoUploadReceiverProxy
com.amazon.mShop.android.shopping/com.amazon.mShop.pushnotification.tracking.SystemSettingsNotificationChangeReceiver
com.amazon.mShop.android.shopping/com.amazon.mShop.pushnotification.gcm.MShopGCMBroadcastReceiver
com.amazon.mShop.android.shopping/com.amazon.mShop.sso.SSOAccountListener
com.amazon.mShop.android.shopping/com.amazon.mShop.sso.SSOAccountListener
com.amazon.mShop.android.shopping/com.amazon.clouddrive.library.device.receivers.CameraActionReceiverProxy
com.amazon.mShop.android.shopping/com.amazon.clouddrive.library.device.receivers.CameraActionReceiverProxy
com.amazon.mShop.android.shopping/com.amazon.clouddrive.library.device.receivers.CameraActionReceiverProxy
com.amazon.mShop.android.shopping/com.amazon.clouddrive.library.device.receivers.CameraActionReceiverProxy
com.amazon.mShop.android.shopping/com.amazon.identity.auth.device.storage.DirtyDataSyncingService
com.amazon.mShop.android.shopping/com.amazon.identity.auth.device.authorization.AmazonAuthorizationService1stParty
com.amazon.mShop.android.shopping/com.amazon.identity.auth.device.bootstrapSSO.BootstrapSSOService
com.amazon.mShop.android.shopping/com.amazon.mShop.pushnotification.gcm.MShopGCMListenerOrchestrator$MShopGCMListenerIntentService
com.amazon.mShop.android.shopping/com.amazon.identity.auth.device.storage.DatabaseCleaner$DatabaseCleaningService
com.amazon.mShop.android.shopping/com.amazon.mShop.pushnotification.gcm.MShopInstanceIDListenerService
